running egg_info
creating ../../build/robokit_webots/robokit_webots.egg-info
writing ../../build/robokit_webots/robokit_webots.egg-info/PKG-INFO
writing dependency_links to ../../build/robokit_webots/robokit_webots.egg-info/dependency_links.txt
writing entry points to ../../build/robokit_webots/robokit_webots.egg-info/entry_points.txt
writing requirements to ../../build/robokit_webots/robokit_webots.egg-info/requires.txt
writing top-level names to ../../build/robokit_webots/robokit_webots.egg-info/top_level.txt
writing manifest file '../../build/robokit_webots/robokit_webots.egg-info/SOURCES.txt'
reading manifest file '../../build/robokit_webots/robokit_webots.egg-info/SOURCES.txt'
writing manifest file '../../build/robokit_webots/robokit_webots.egg-info/SOURCES.txt'
running build
running build_py
creating /home/tndrd/robokit_ws/build/robokit_webots/build
creating /home/tndrd/robokit_ws/build/robokit_webots/build/lib
creating /home/tndrd/robokit_ws/build/robokit_webots/build/lib/robokit_webots
copying robokit_webots/__init__.py -> /home/tndrd/robokit_ws/build/robokit_webots/build/lib/robokit_webots
running install
running install_lib
creating /home/tndrd/robokit_ws/install/robokit_webots/lib/python3.8/site-packages/robokit_webots
copying /home/tndrd/robokit_ws/build/robokit_webots/build/lib/robokit_webots/__init__.py -> /home/tndrd/robokit_ws/install/robokit_webots/lib/python3.8/site-packages/robokit_webots
byte-compiling /home/tndrd/robokit_ws/install/robokit_webots/lib/python3.8/site-packages/robokit_webots/__init__.py to __init__.cpython-38.pyc
running install_data
creating /home/tndrd/robokit_ws/install/robokit_webots/share/ament_index
creating /home/tndrd/robokit_ws/install/robokit_webots/share/ament_index/resource_index
creating /home/tndrd/robokit_ws/install/robokit_webots/share/ament_index/resource_index/packages
copying resource/robokit_webots -> /home/tndrd/robokit_ws/install/robokit_webots/share/ament_index/resource_index/packages
copying package.xml -> /home/tndrd/robokit_ws/install/robokit_webots/share/robokit_webots
running install_egg_info
Copying ../../build/robokit_webots/robokit_webots.egg-info to /home/tndrd/robokit_ws/install/robokit_webots/lib/python3.8/site-packages/robokit_webots-0.0.0-py3.8.egg-info
running install_scripts
writing list of installed files to '/home/tndrd/robokit_ws/build/robokit_webots/install.log'
