[0.895s] Invoking command in '/home/tndrd/robokit_ws/src/robokit_webots': PYTHONPATH=/home/tndrd/robokit_ws/install/robokit_webots/lib/python3.8/site-packages:${PYTHONPATH} /usr/bin/python3 setup.py egg_info --egg-base ../../build/robokit_webots build --build-base /home/tndrd/robokit_ws/build/robokit_webots/build install --prefix /home/tndrd/robokit_ws/install/robokit_webots --record /home/tndrd/robokit_ws/build/robokit_webots/install.log --single-version-externally-managed
[1.164s] running egg_info
[1.165s] creating ../../build/robokit_webots/robokit_webots.egg-info
[1.165s] writing ../../build/robokit_webots/robokit_webots.egg-info/PKG-INFO
[1.166s] writing dependency_links to ../../build/robokit_webots/robokit_webots.egg-info/dependency_links.txt
[1.166s] writing entry points to ../../build/robokit_webots/robokit_webots.egg-info/entry_points.txt
[1.166s] writing requirements to ../../build/robokit_webots/robokit_webots.egg-info/requires.txt
[1.166s] writing top-level names to ../../build/robokit_webots/robokit_webots.egg-info/top_level.txt
[1.168s] writing manifest file '../../build/robokit_webots/robokit_webots.egg-info/SOURCES.txt'
[1.215s] reading manifest file '../../build/robokit_webots/robokit_webots.egg-info/SOURCES.txt'
[1.216s] writing manifest file '../../build/robokit_webots/robokit_webots.egg-info/SOURCES.txt'
[1.217s] running build
[1.217s] running build_py
[1.217s] creating /home/tndrd/robokit_ws/build/robokit_webots/build
[1.217s] creating /home/tndrd/robokit_ws/build/robokit_webots/build/lib
[1.218s] creating /home/tndrd/robokit_ws/build/robokit_webots/build/lib/robokit_webots
[1.218s] copying robokit_webots/__init__.py -> /home/tndrd/robokit_ws/build/robokit_webots/build/lib/robokit_webots
[1.218s] running install
[1.218s] running install_lib
[1.220s] creating /home/tndrd/robokit_ws/install/robokit_webots/lib/python3.8/site-packages/robokit_webots
[1.220s] copying /home/tndrd/robokit_ws/build/robokit_webots/build/lib/robokit_webots/__init__.py -> /home/tndrd/robokit_ws/install/robokit_webots/lib/python3.8/site-packages/robokit_webots
[1.221s] byte-compiling /home/tndrd/robokit_ws/install/robokit_webots/lib/python3.8/site-packages/robokit_webots/__init__.py to __init__.cpython-38.pyc
[1.223s] running install_data
[1.224s] creating /home/tndrd/robokit_ws/install/robokit_webots/share/ament_index
[1.224s] creating /home/tndrd/robokit_ws/install/robokit_webots/share/ament_index/resource_index
[1.224s] creating /home/tndrd/robokit_ws/install/robokit_webots/share/ament_index/resource_index/packages
[1.224s] copying resource/robokit_webots -> /home/tndrd/robokit_ws/install/robokit_webots/share/ament_index/resource_index/packages
[1.225s] copying package.xml -> /home/tndrd/robokit_ws/install/robokit_webots/share/robokit_webots
[1.225s] running install_egg_info
[1.227s] Copying ../../build/robokit_webots/robokit_webots.egg-info to /home/tndrd/robokit_ws/install/robokit_webots/lib/python3.8/site-packages/robokit_webots-0.0.0-py3.8.egg-info
[1.227s] running install_scripts
[1.253s] writing list of installed files to '/home/tndrd/robokit_ws/build/robokit_webots/install.log'
[1.301s] Invoked command in '/home/tndrd/robokit_ws/src/robokit_webots' returned '0': PYTHONPATH=/home/tndrd/robokit_ws/install/robokit_webots/lib/python3.8/site-packages:${PYTHONPATH} /usr/bin/python3 setup.py egg_info --egg-base ../../build/robokit_webots build --build-base /home/tndrd/robokit_ws/build/robokit_webots/build install --prefix /home/tndrd/robokit_ws/install/robokit_webots --record /home/tndrd/robokit_ws/build/robokit_webots/install.log --single-version-externally-managed
