/home/tndrd/robokit_ws/install/robokit_webots/lib/python3.8/site-packages/robokit_webots/joint_control_interface.py
/home/tndrd/robokit_ws/install/robokit_webots/lib/python3.8/site-packages/robokit_webots/__init__.py
/home/tndrd/robokit_ws/install/robokit_webots/lib/python3.8/site-packages/robokit_webots/animation.py
/home/tndrd/robokit_ws/install/robokit_webots/lib/python3.8/site-packages/robokit_webots/bring_up.py
/home/tndrd/robokit_ws/install/robokit_webots/lib/python3.8/site-packages/robokit_webots/demo_publisher.py
/home/tndrd/robokit_ws/install/robokit_webots/lib/python3.8/site-packages/utils/info_utils.py
/home/tndrd/robokit_ws/install/robokit_webots/lib/python3.8/site-packages/utils/load_utils.py
/home/tndrd/robokit_ws/install/robokit_webots/lib/python3.8/site-packages/utils/__init__.py
/home/tndrd/robokit_ws/install/robokit_webots/lib/python3.8/site-packages/utils/launch_utils.py
/home/tndrd/robokit_ws/install/robokit_webots/lib/python3.8/site-packages/robokit_webots/__pycache__/joint_control_interface.cpython-38.pyc
/home/tndrd/robokit_ws/install/robokit_webots/lib/python3.8/site-packages/robokit_webots/__pycache__/__init__.cpython-38.pyc
/home/tndrd/robokit_ws/install/robokit_webots/lib/python3.8/site-packages/robokit_webots/__pycache__/animation.cpython-38.pyc
/home/tndrd/robokit_ws/install/robokit_webots/lib/python3.8/site-packages/robokit_webots/__pycache__/bring_up.cpython-38.pyc
/home/tndrd/robokit_ws/install/robokit_webots/lib/python3.8/site-packages/robokit_webots/__pycache__/demo_publisher.cpython-38.pyc
/home/tndrd/robokit_ws/install/robokit_webots/lib/python3.8/site-packages/utils/__pycache__/info_utils.cpython-38.pyc
/home/tndrd/robokit_ws/install/robokit_webots/lib/python3.8/site-packages/utils/__pycache__/load_utils.cpython-38.pyc
/home/tndrd/robokit_ws/install/robokit_webots/lib/python3.8/site-packages/utils/__pycache__/__init__.cpython-38.pyc
/home/tndrd/robokit_ws/install/robokit_webots/lib/python3.8/site-packages/utils/__pycache__/launch_utils.cpython-38.pyc
/home/tndrd/robokit_ws/install/robokit_webots/share/ament_index/resource_index/packages/robokit_webots
/home/tndrd/robokit_ws/install/robokit_webots/share/robokit_webots/package.xml
/home/tndrd/robokit_ws/install/robokit_webots/share/robokit_webots/launch/sim_launch.py
/home/tndrd/robokit_ws/install/robokit_webots/share/robokit_webots/launch/webots_hardware_launch.py
/home/tndrd/robokit_ws/install/robokit_webots/share/robokit_webots/launch/webots_plain_launch.py
/home/tndrd/robokit_ws/install/robokit_webots/share/robokit_webots/launch/controllers_launch.py
/home/tndrd/robokit_ws/install/robokit_webots/share/robokit_webots/launch/demo_launch.py
/home/tndrd/robokit_ws/install/robokit_webots/share/robokit_webots/launch/robot_launch.py
/home/tndrd/robokit_ws/install/robokit_webots/share/robokit_webots/launch/robot_hardware_launch.py
/home/tndrd/robokit_ws/install/robokit_webots/lib/python3.8/site-packages/robokit_webots-0.0.0-py3.8.egg-info/PKG-INFO
/home/tndrd/robokit_ws/install/robokit_webots/lib/python3.8/site-packages/robokit_webots-0.0.0-py3.8.egg-info/SOURCES.txt
/home/tndrd/robokit_ws/install/robokit_webots/lib/python3.8/site-packages/robokit_webots-0.0.0-py3.8.egg-info/requires.txt
/home/tndrd/robokit_ws/install/robokit_webots/lib/python3.8/site-packages/robokit_webots-0.0.0-py3.8.egg-info/dependency_links.txt
/home/tndrd/robokit_ws/install/robokit_webots/lib/python3.8/site-packages/robokit_webots-0.0.0-py3.8.egg-info/entry_points.txt
/home/tndrd/robokit_ws/install/robokit_webots/lib/python3.8/site-packages/robokit_webots-0.0.0-py3.8.egg-info/top_level.txt
/home/tndrd/robokit_ws/install/robokit_webots/lib/python3.8/site-packages/robokit_webots-0.0.0-py3.8.egg-info/zip-safe
/home/tndrd/robokit_ws/install/robokit_webots/lib/robokit_webots/animation
/home/tndrd/robokit_ws/install/robokit_webots/lib/robokit_webots/bring_up
/home/tndrd/robokit_ws/install/robokit_webots/lib/robokit_webots/demo_publisher
/home/tndrd/robokit_ws/install/robokit_webots/lib/robokit_webots/joint_control_interface
