[0.169s] DEBUG:colcon:Command line arguments: ['/usr/bin/colcon', 'build']
[0.169s] DEBUG:colcon:Parsed command line arguments: Namespace(allow_overriding=[], ament_cmake_args=None, base_paths=['.'], build_base='build', catkin_cmake_args=None, catkin_skip_building_tests=False, cmake_args=None, cmake_clean_cache=False, cmake_clean_first=False, cmake_force_configure=False, cmake_target=None, cmake_target_skip_unavailable=False, continue_on_error=False, event_handlers=None, executor='parallel', ignore_user_meta=False, install_base='install', log_base=None, log_level=None, main=<bound method BuildVerb.main of <colcon_core.verb.build.BuildVerb object at 0x7f2c4026f040>>, merge_install=False, metas=['./colcon.meta'], packages_above=None, packages_above_and_dependencies=None, packages_above_depth=None, packages_end=None, packages_ignore=None, packages_ignore_regex=None, packages_select=None, packages_select_build_failed=False, packages_select_by_dep=None, packages_select_regex=None, packages_select_test_failures=False, packages_skip=None, packages_skip_build_finished=False, packages_skip_by_dep=None, packages_skip_regex=None, packages_skip_test_passed=False, packages_skip_up_to=None, packages_start=None, packages_up_to=None, packages_up_to_regex=None, parallel_workers=8, paths=None, symlink_install=False, test_result_base=None, verb_extension=<colcon_core.verb.build.BuildVerb object at 0x7f2c4026f040>, verb_name='build', verb_parser=<colcon_defaults.argument_parser.defaults.DefaultArgumentsDecorator object at 0x7f2c4026f550>)
[0.199s] Level 1:colcon.colcon_core.package_discovery:discover_packages(colcon_meta) check parameters
[0.200s] Level 1:colcon.colcon_core.package_discovery:discover_packages(recursive) check parameters
[0.200s] Level 1:colcon.colcon_core.package_discovery:discover_packages(ignore) check parameters
[0.200s] Level 1:colcon.colcon_core.package_discovery:discover_packages(path) check parameters
[0.200s] Level 1:colcon.colcon_core.package_discovery:discover_packages(colcon_meta) discover
[0.200s] Level 1:colcon.colcon_core.package_discovery:discover_packages(recursive) discover
[0.200s] INFO:colcon.colcon_core.package_discovery:Crawling recursively for packages in '/home/tndrd/robokit_ws'
[0.200s] Level 1:colcon.colcon_core.package_identification:_identify(.) by extensions ['ignore', 'ignore_ament_install']
[0.200s] Level 1:colcon.colcon_core.package_identification:_identify(.) by extension 'ignore'
[0.200s] Level 1:colcon.colcon_core.package_identification:_identify(.) by extension 'ignore_ament_install'
[0.200s] Level 1:colcon.colcon_core.package_identification:_identify(.) by extensions ['colcon_pkg']
[0.200s] Level 1:colcon.colcon_core.package_identification:_identify(.) by extension 'colcon_pkg'
[0.200s] Level 1:colcon.colcon_core.package_identification:_identify(.) by extensions ['colcon_meta']
[0.200s] Level 1:colcon.colcon_core.package_identification:_identify(.) by extension 'colcon_meta'
[0.201s] Level 1:colcon.colcon_core.package_identification:_identify(.) by extensions ['ros']
[0.201s] Level 1:colcon.colcon_core.package_identification:_identify(.) by extension 'ros'
[0.214s] Level 1:colcon.colcon_core.package_identification:_identify(.) by extensions ['cmake', 'python']
[0.215s] Level 1:colcon.colcon_core.package_identification:_identify(.) by extension 'cmake'
[0.215s] Level 1:colcon.colcon_core.package_identification:_identify(.) by extension 'python'
[0.215s] Level 1:colcon.colcon_core.package_identification:_identify(.) by extensions ['python_setup_py']
[0.215s] Level 1:colcon.colcon_core.package_identification:_identify(.) by extension 'python_setup_py'
[0.215s] Level 1:colcon.colcon_core.package_identification:_identify(build) by extensions ['ignore', 'ignore_ament_install']
[0.215s] Level 1:colcon.colcon_core.package_identification:_identify(build) by extension 'ignore'
[0.215s] Level 1:colcon.colcon_core.package_identification:_identify(build) ignored
[0.215s] Level 1:colcon.colcon_core.package_identification:_identify(install) by extensions ['ignore', 'ignore_ament_install']
[0.215s] Level 1:colcon.colcon_core.package_identification:_identify(install) by extension 'ignore'
[0.215s] Level 1:colcon.colcon_core.package_identification:_identify(install) ignored
[0.215s] Level 1:colcon.colcon_core.package_identification:_identify(log) by extensions ['ignore', 'ignore_ament_install']
[0.216s] Level 1:colcon.colcon_core.package_identification:_identify(log) by extension 'ignore'
[0.216s] Level 1:colcon.colcon_core.package_identification:_identify(log) ignored
[0.216s] Level 1:colcon.colcon_core.package_identification:_identify(src) by extensions ['ignore', 'ignore_ament_install']
[0.216s] Level 1:colcon.colcon_core.package_identification:_identify(src) by extension 'ignore'
[0.216s] Level 1:colcon.colcon_core.package_identification:_identify(src) by extension 'ignore_ament_install'
[0.216s] Level 1:colcon.colcon_core.package_identification:_identify(src) by extensions ['colcon_pkg']
[0.216s] Level 1:colcon.colcon_core.package_identification:_identify(src) by extension 'colcon_pkg'
[0.216s] Level 1:colcon.colcon_core.package_identification:_identify(src) by extensions ['colcon_meta']
[0.216s] Level 1:colcon.colcon_core.package_identification:_identify(src) by extension 'colcon_meta'
[0.216s] Level 1:colcon.colcon_core.package_identification:_identify(src) by extensions ['ros']
[0.216s] Level 1:colcon.colcon_core.package_identification:_identify(src) by extension 'ros'
[0.216s] Level 1:colcon.colcon_core.package_identification:_identify(src) by extensions ['cmake', 'python']
[0.216s] Level 1:colcon.colcon_core.package_identification:_identify(src) by extension 'cmake'
[0.216s] Level 1:colcon.colcon_core.package_identification:_identify(src) by extension 'python'
[0.216s] Level 1:colcon.colcon_core.package_identification:_identify(src) by extensions ['python_setup_py']
[0.216s] Level 1:colcon.colcon_core.package_identification:_identify(src) by extension 'python_setup_py'
[0.217s] Level 1:colcon.colcon_core.package_identification:_identify(src/robokit_webots) by extensions ['ignore', 'ignore_ament_install']
[0.217s] Level 1:colcon.colcon_core.package_identification:_identify(src/robokit_webots) by extension 'ignore'
[0.217s] Level 1:colcon.colcon_core.package_identification:_identify(src/robokit_webots) by extension 'ignore_ament_install'
[0.217s] Level 1:colcon.colcon_core.package_identification:_identify(src/robokit_webots) by extensions ['colcon_pkg']
[0.217s] Level 1:colcon.colcon_core.package_identification:_identify(src/robokit_webots) by extension 'colcon_pkg'
[0.217s] Level 1:colcon.colcon_core.package_identification:_identify(src/robokit_webots) by extensions ['colcon_meta']
[0.217s] Level 1:colcon.colcon_core.package_identification:_identify(src/robokit_webots) by extension 'colcon_meta'
[0.217s] Level 1:colcon.colcon_core.package_identification:_identify(src/robokit_webots) by extensions ['ros']
[0.217s] Level 1:colcon.colcon_core.package_identification:_identify(src/robokit_webots) by extension 'ros'
[0.221s] DEBUG:colcon.colcon_core.package_identification:Package 'src/robokit_webots' with type 'ros.ament_python' and name 'robokit_webots'
[0.221s] Level 1:colcon.colcon_core.package_discovery:discover_packages(recursive) using defaults
[0.221s] Level 1:colcon.colcon_core.package_discovery:discover_packages(ignore) discover
[0.221s] Level 1:colcon.colcon_core.package_discovery:discover_packages(ignore) using defaults
[0.221s] Level 1:colcon.colcon_core.package_discovery:discover_packages(path) discover
[0.221s] Level 1:colcon.colcon_core.package_discovery:discover_packages(path) using defaults
[0.246s] Level 1:colcon.colcon_core.package_discovery:discover_packages(prefix_path) check parameters
[0.246s] Level 1:colcon.colcon_core.package_discovery:discover_packages(prefix_path) discover
[0.249s] DEBUG:colcon.colcon_installed_package_information.package_discovery:Found 1 installed packages in /home/tndrd/robokit_ws/install
[0.250s] DEBUG:colcon.colcon_installed_package_information.package_discovery:Found 292 installed packages in /opt/ros/foxy
[0.253s] Level 1:colcon.colcon_core.package_discovery:discover_packages(prefix_path) using defaults
[0.371s] Level 5:colcon.colcon_core.verb:set package 'robokit_webots' build argument 'cmake_args' from command line to 'None'
[0.371s] Level 5:colcon.colcon_core.verb:set package 'robokit_webots' build argument 'cmake_target' from command line to 'None'
[0.371s] Level 5:colcon.colcon_core.verb:set package 'robokit_webots' build argument 'cmake_target_skip_unavailable' from command line to 'False'
[0.371s] Level 5:colcon.colcon_core.verb:set package 'robokit_webots' build argument 'cmake_clean_cache' from command line to 'False'
[0.371s] Level 5:colcon.colcon_core.verb:set package 'robokit_webots' build argument 'cmake_clean_first' from command line to 'False'
[0.371s] Level 5:colcon.colcon_core.verb:set package 'robokit_webots' build argument 'cmake_force_configure' from command line to 'False'
[0.372s] Level 5:colcon.colcon_core.verb:set package 'robokit_webots' build argument 'ament_cmake_args' from command line to 'None'
[0.372s] Level 5:colcon.colcon_core.verb:set package 'robokit_webots' build argument 'catkin_cmake_args' from command line to 'None'
[0.372s] Level 5:colcon.colcon_core.verb:set package 'robokit_webots' build argument 'catkin_skip_building_tests' from command line to 'False'
[0.372s] DEBUG:colcon.colcon_core.verb:Building package 'robokit_webots' with the following arguments: {'ament_cmake_args': None, 'build_base': '/home/tndrd/robokit_ws/build/robokit_webots', 'catkin_cmake_args': None, 'catkin_skip_building_tests': False, 'cmake_args': None, 'cmake_clean_cache': False, 'cmake_clean_first': False, 'cmake_force_configure': False, 'cmake_target': None, 'cmake_target_skip_unavailable': False, 'install_base': '/home/tndrd/robokit_ws/install/robokit_webots', 'merge_install': False, 'path': '/home/tndrd/robokit_ws/src/robokit_webots', 'symlink_install': False, 'test_result_base': None}
[0.372s] INFO:colcon.colcon_core.executor:Executing jobs using 'parallel' executor
[0.375s] DEBUG:colcon.colcon_parallel_executor.executor.parallel:run_until_complete
[0.376s] INFO:colcon.colcon_ros.task.ament_python.build:Building ROS package in '/home/tndrd/robokit_ws/src/robokit_webots' with build type 'ament_python'
[0.376s] Level 1:colcon.colcon_core.shell:create_environment_hook('robokit_webots', 'ament_prefix_path')
[0.381s] INFO:colcon.colcon_core.plugin_system:Skipping extension 'colcon_core.shell.bat': Not used on non-Windows systems
[0.382s] INFO:colcon.colcon_core.shell:Creating environment hook '/home/tndrd/robokit_ws/install/robokit_webots/share/robokit_webots/hook/ament_prefix_path.ps1'
[0.383s] INFO:colcon.colcon_core.shell:Creating environment descriptor '/home/tndrd/robokit_ws/install/robokit_webots/share/robokit_webots/hook/ament_prefix_path.dsv'
[0.383s] INFO:colcon.colcon_core.shell:Creating environment hook '/home/tndrd/robokit_ws/install/robokit_webots/share/robokit_webots/hook/ament_prefix_path.sh'
[0.384s] INFO:colcon.colcon_core.shell:Skip shell extension 'powershell' for command environment: Not usable outside of PowerShell
[0.384s] DEBUG:colcon.colcon_core.shell:Skip shell extension 'dsv' for command environment
[0.707s] INFO:colcon.colcon_core.task.python.build:Building Python package in '/home/tndrd/robokit_ws/src/robokit_webots'
[0.709s] INFO:colcon.colcon_core.shell:Skip shell extension 'powershell' for command environment: Not usable outside of PowerShell
[0.709s] DEBUG:colcon.colcon_core.shell:Skip shell extension 'dsv' for command environment
[1.259s] DEBUG:colcon.colcon_core.event_handler.log_command:Invoking command in '/home/tndrd/robokit_ws/src/robokit_webots': PYTHONPATH=/home/tndrd/robokit_ws/install/robokit_webots/lib/python3.8/site-packages:${PYTHONPATH} /usr/bin/python3 setup.py egg_info --egg-base ../../build/robokit_webots build --build-base /home/tndrd/robokit_ws/build/robokit_webots/build install --prefix /home/tndrd/robokit_ws/install/robokit_webots --record /home/tndrd/robokit_ws/build/robokit_webots/install.log --single-version-externally-managed
[1.661s] DEBUG:colcon.colcon_core.event_handler.log_command:Invoked command in '/home/tndrd/robokit_ws/src/robokit_webots' returned '0': PYTHONPATH=/home/tndrd/robokit_ws/install/robokit_webots/lib/python3.8/site-packages:${PYTHONPATH} /usr/bin/python3 setup.py egg_info --egg-base ../../build/robokit_webots build --build-base /home/tndrd/robokit_ws/build/robokit_webots/build install --prefix /home/tndrd/robokit_ws/install/robokit_webots --record /home/tndrd/robokit_ws/build/robokit_webots/install.log --single-version-externally-managed
[1.669s] Level 1:colcon.colcon_core.environment:checking '/home/tndrd/robokit_ws/install/robokit_webots' for CMake module files
[1.670s] Level 1:colcon.colcon_core.environment:checking '/home/tndrd/robokit_ws/install/robokit_webots' for CMake config files
[1.671s] Level 1:colcon.colcon_core.environment:checking '/home/tndrd/robokit_ws/install/robokit_webots/lib'
[1.672s] Level 1:colcon.colcon_core.environment:checking '/home/tndrd/robokit_ws/install/robokit_webots/bin'
[1.672s] Level 1:colcon.colcon_core.environment:checking '/home/tndrd/robokit_ws/install/robokit_webots/lib/pkgconfig/robokit_webots.pc'
[1.672s] Level 1:colcon.colcon_core.environment:checking '/home/tndrd/robokit_ws/install/robokit_webots/lib/python3.8/site-packages'
[1.673s] Level 1:colcon.colcon_core.shell:create_environment_hook('robokit_webots', 'pythonpath')
[1.674s] INFO:colcon.colcon_core.shell:Creating environment hook '/home/tndrd/robokit_ws/install/robokit_webots/share/robokit_webots/hook/pythonpath.ps1'
[1.674s] INFO:colcon.colcon_core.shell:Creating environment descriptor '/home/tndrd/robokit_ws/install/robokit_webots/share/robokit_webots/hook/pythonpath.dsv'
[1.675s] INFO:colcon.colcon_core.shell:Creating environment hook '/home/tndrd/robokit_ws/install/robokit_webots/share/robokit_webots/hook/pythonpath.sh'
[1.676s] Level 1:colcon.colcon_core.environment:checking '/home/tndrd/robokit_ws/install/robokit_webots/bin'
[1.676s] Level 1:colcon.colcon_core.environment:create_environment_scripts_only(robokit_webots)
[1.677s] INFO:colcon.colcon_core.shell:Creating package script '/home/tndrd/robokit_ws/install/robokit_webots/share/robokit_webots/package.ps1'
[1.678s] INFO:colcon.colcon_core.shell:Creating package descriptor '/home/tndrd/robokit_ws/install/robokit_webots/share/robokit_webots/package.dsv'
[1.679s] INFO:colcon.colcon_core.shell:Creating package script '/home/tndrd/robokit_ws/install/robokit_webots/share/robokit_webots/package.sh'
[1.680s] INFO:colcon.colcon_core.shell:Creating package script '/home/tndrd/robokit_ws/install/robokit_webots/share/robokit_webots/package.bash'
[1.682s] INFO:colcon.colcon_core.shell:Creating package script '/home/tndrd/robokit_ws/install/robokit_webots/share/robokit_webots/package.zsh'
[1.683s] Level 1:colcon.colcon_core.environment:create_file_with_runtime_dependencies(/home/tndrd/robokit_ws/install/robokit_webots/share/colcon-core/packages/robokit_webots)
[1.684s] DEBUG:colcon.colcon_parallel_executor.executor.parallel:closing loop
[1.685s] DEBUG:colcon.colcon_parallel_executor.executor.parallel:loop closed
[1.685s] DEBUG:colcon.colcon_parallel_executor.executor.parallel:run_until_complete finished with '0'
[1.685s] DEBUG:colcon.colcon_core.event_reactor:joining thread
[1.697s] INFO:colcon.colcon_core.plugin_system:Skipping extension 'colcon_notification.desktop_notification.terminal_notifier': Not used on non-Darwin systems
[1.697s] INFO:colcon.colcon_core.plugin_system:Skipping extension 'colcon_notification.desktop_notification.win32': Not used on non-Windows systems
[1.697s] INFO:colcon.colcon_notification.desktop_notification:Sending desktop notification using 'notify2'
[1.732s] DEBUG:colcon.colcon_core.event_reactor:joined thread
[1.733s] INFO:colcon.colcon_core.shell:Creating prefix script '/home/tndrd/robokit_ws/install/local_setup.ps1'
[1.735s] INFO:colcon.colcon_core.shell:Creating prefix util module '/home/tndrd/robokit_ws/install/_local_setup_util_ps1.py'
[1.739s] INFO:colcon.colcon_core.shell:Creating prefix chain script '/home/tndrd/robokit_ws/install/setup.ps1'
[1.742s] INFO:colcon.colcon_core.shell:Creating prefix script '/home/tndrd/robokit_ws/install/local_setup.sh'
[1.743s] INFO:colcon.colcon_core.shell:Creating prefix util module '/home/tndrd/robokit_ws/install/_local_setup_util_sh.py'
[1.744s] INFO:colcon.colcon_core.shell:Creating prefix chain script '/home/tndrd/robokit_ws/install/setup.sh'
[1.746s] INFO:colcon.colcon_core.shell:Creating prefix script '/home/tndrd/robokit_ws/install/local_setup.bash'
[1.747s] INFO:colcon.colcon_core.shell:Creating prefix chain script '/home/tndrd/robokit_ws/install/setup.bash'
[1.749s] INFO:colcon.colcon_core.shell:Creating prefix script '/home/tndrd/robokit_ws/install/local_setup.zsh'
[1.750s] INFO:colcon.colcon_core.shell:Creating prefix chain script '/home/tndrd/robokit_ws/install/setup.zsh'
