[0.852s] Invoking command in '/home/tndrd/robokit_ws/src/robokit_webots': PYTHONPATH=/home/tndrd/robokit_ws/install/robokit_webots/lib/python3.8/site-packages:${PYTHONPATH} /usr/bin/python3 setup.py egg_info --egg-base ../../build/robokit_webots build --build-base /home/tndrd/robokit_ws/build/robokit_webots/build install --prefix /home/tndrd/robokit_ws/install/robokit_webots --record /home/tndrd/robokit_ws/build/robokit_webots/install.log --single-version-externally-managed
[1.115s] running egg_info
[1.115s] writing ../../build/robokit_webots/robokit_webots.egg-info/PKG-INFO
[1.116s] writing dependency_links to ../../build/robokit_webots/robokit_webots.egg-info/dependency_links.txt
[1.116s] writing entry points to ../../build/robokit_webots/robokit_webots.egg-info/entry_points.txt
[1.116s] writing requirements to ../../build/robokit_webots/robokit_webots.egg-info/requires.txt
[1.116s] writing top-level names to ../../build/robokit_webots/robokit_webots.egg-info/top_level.txt
[1.165s] reading manifest file '../../build/robokit_webots/robokit_webots.egg-info/SOURCES.txt'
[1.166s] writing manifest file '../../build/robokit_webots/robokit_webots.egg-info/SOURCES.txt'
[1.166s] running build
[1.166s] running build_py
[1.167s] running install
[1.168s] running install_lib
[1.170s] running install_data
[1.171s] running install_egg_info
[1.173s] removing '/home/tndrd/robokit_ws/install/robokit_webots/lib/python3.8/site-packages/robokit_webots-0.0.0-py3.8.egg-info' (and everything under it)
[1.174s] Copying ../../build/robokit_webots/robokit_webots.egg-info to /home/tndrd/robokit_ws/install/robokit_webots/lib/python3.8/site-packages/robokit_webots-0.0.0-py3.8.egg-info
[1.174s] running install_scripts
[1.200s] Installing demo_head_control script to /home/tndrd/robokit_ws/install/robokit_webots/lib/robokit_webots
[1.201s] writing list of installed files to '/home/tndrd/robokit_ws/build/robokit_webots/install.log'
[1.244s] Invoked command in '/home/tndrd/robokit_ws/src/robokit_webots' returned '0': PYTHONPATH=/home/tndrd/robokit_ws/install/robokit_webots/lib/python3.8/site-packages:${PYTHONPATH} /usr/bin/python3 setup.py egg_info --egg-base ../../build/robokit_webots build --build-base /home/tndrd/robokit_ws/build/robokit_webots/build install --prefix /home/tndrd/robokit_ws/install/robokit_webots --record /home/tndrd/robokit_ws/build/robokit_webots/install.log --single-version-externally-managed
