[0.881s] Invoking command in '/home/tndrd/robokit_ws/src/robokit_webots': PYTHONPATH=/home/tndrd/robokit_ws/install/robokit_webots/lib/python3.8/site-packages:${PYTHONPATH} /usr/bin/python3 setup.py egg_info --egg-base ../../build/robokit_webots build --build-base /home/tndrd/robokit_ws/build/robokit_webots/build install --prefix /home/tndrd/robokit_ws/install/robokit_webots --record /home/tndrd/robokit_ws/build/robokit_webots/install.log --single-version-externally-managed
[1.151s] running egg_info
[1.151s] writing ../../build/robokit_webots/robokit_webots.egg-info/PKG-INFO
[1.152s] writing dependency_links to ../../build/robokit_webots/robokit_webots.egg-info/dependency_links.txt
[1.153s] writing entry points to ../../build/robokit_webots/robokit_webots.egg-info/entry_points.txt
[1.153s] writing requirements to ../../build/robokit_webots/robokit_webots.egg-info/requires.txt
[1.154s] writing top-level names to ../../build/robokit_webots/robokit_webots.egg-info/top_level.txt
[1.200s] reading manifest file '../../build/robokit_webots/robokit_webots.egg-info/SOURCES.txt'
[1.202s] writing manifest file '../../build/robokit_webots/robokit_webots.egg-info/SOURCES.txt'
[1.202s] running build
[1.203s] running build_py
[1.203s] running install
[1.204s] running install_lib
[1.207s] running install_data
[1.207s] creating /home/tndrd/robokit_ws/install/robokit_webots/share/robokit_webots/launch
[1.208s] copying launch/webots_launch.py -> /home/tndrd/robokit_ws/install/robokit_webots/share/robokit_webots/launch
[1.208s] running install_egg_info
[1.211s] removing '/home/tndrd/robokit_ws/install/robokit_webots/lib/python3.8/site-packages/robokit_webots-0.0.0-py3.8.egg-info' (and everything under it)
[1.211s] Copying ../../build/robokit_webots/robokit_webots.egg-info to /home/tndrd/robokit_ws/install/robokit_webots/lib/python3.8/site-packages/robokit_webots-0.0.0-py3.8.egg-info
[1.212s] running install_scripts
[1.236s] Installing demo_head_control script to /home/tndrd/robokit_ws/install/robokit_webots/lib/robokit_webots
[1.237s] writing list of installed files to '/home/tndrd/robokit_ws/build/robokit_webots/install.log'
[1.284s] Invoked command in '/home/tndrd/robokit_ws/src/robokit_webots' returned '0': PYTHONPATH=/home/tndrd/robokit_ws/install/robokit_webots/lib/python3.8/site-packages:${PYTHONPATH} /usr/bin/python3 setup.py egg_info --egg-base ../../build/robokit_webots build --build-base /home/tndrd/robokit_ws/build/robokit_webots/build install --prefix /home/tndrd/robokit_ws/install/robokit_webots --record /home/tndrd/robokit_ws/build/robokit_webots/install.log --single-version-externally-managed
