[0.871s] Invoking command in '/home/tndrd/robokit_ws/src/robokit_webots': PYTHONPATH=/home/tndrd/robokit_ws/install/robokit_webots/lib/python3.8/site-packages:${PYTHONPATH} /usr/bin/python3 setup.py egg_info --egg-base ../../build/robokit_webots build --build-base /home/tndrd/robokit_ws/build/robokit_webots/build install --prefix /home/tndrd/robokit_ws/install/robokit_webots --record /home/tndrd/robokit_ws/build/robokit_webots/install.log --single-version-externally-managed
[1.144s] running egg_info
[1.145s] writing ../../build/robokit_webots/robokit_webots.egg-info/PKG-INFO
[1.145s] writing dependency_links to ../../build/robokit_webots/robokit_webots.egg-info/dependency_links.txt
[1.146s] writing entry points to ../../build/robokit_webots/robokit_webots.egg-info/entry_points.txt
[1.146s] writing requirements to ../../build/robokit_webots/robokit_webots.egg-info/requires.txt
[1.146s] writing top-level names to ../../build/robokit_webots/robokit_webots.egg-info/top_level.txt
[1.194s] reading manifest file '../../build/robokit_webots/robokit_webots.egg-info/SOURCES.txt'
[1.195s] writing manifest file '../../build/robokit_webots/robokit_webots.egg-info/SOURCES.txt'
[1.196s] running build
[1.196s] running build_py
[1.197s] copying robokit_webots/demo_head_control.py -> /home/tndrd/robokit_ws/build/robokit_webots/build/lib/robokit_webots
[1.197s] running install
[1.197s] running install_lib
[1.199s] copying /home/tndrd/robokit_ws/build/robokit_webots/build/lib/robokit_webots/demo_head_control.py -> /home/tndrd/robokit_ws/install/robokit_webots/lib/python3.8/site-packages/robokit_webots
[1.200s] byte-compiling /home/tndrd/robokit_ws/install/robokit_webots/lib/python3.8/site-packages/robokit_webots/demo_head_control.py to demo_head_control.cpython-38.pyc
[1.201s] running install_data
[1.203s] copying package.xml -> /home/tndrd/robokit_ws/install/robokit_webots/share/robokit_webots
[1.203s] running install_egg_info
[1.205s] removing '/home/tndrd/robokit_ws/install/robokit_webots/lib/python3.8/site-packages/robokit_webots-0.0.0-py3.8.egg-info' (and everything under it)
[1.205s] Copying ../../build/robokit_webots/robokit_webots.egg-info to /home/tndrd/robokit_ws/install/robokit_webots/lib/python3.8/site-packages/robokit_webots-0.0.0-py3.8.egg-info
[1.206s] running install_scripts
[1.230s] writing list of installed files to '/home/tndrd/robokit_ws/build/robokit_webots/install.log'
[1.286s] Invoked command in '/home/tndrd/robokit_ws/src/robokit_webots' returned '0': PYTHONPATH=/home/tndrd/robokit_ws/install/robokit_webots/lib/python3.8/site-packages:${PYTHONPATH} /usr/bin/python3 setup.py egg_info --egg-base ../../build/robokit_webots build --build-base /home/tndrd/robokit_ws/build/robokit_webots/build install --prefix /home/tndrd/robokit_ws/install/robokit_webots --record /home/tndrd/robokit_ws/build/robokit_webots/install.log --single-version-externally-managed
